<?xml version="1.0" encoding="UTF-8"?>
<!-- Generated by org.testng.reporters.JUnitReportReporter -->
<testsuite skipped="0" hostname="Yvonnes-MBP" name="trainLineAppTest2package.TrainLine" tests="1" failures="0" timestamp="25 Nov 2018 19:40:44 GMT" time="21.719" errors="0">
  <testcase name="testApp" time="21.719" classname="trainLineAppTest2package.TrainLine"/>
</testsuite> <!-- trainLineAppTest2package.TrainLine -->
